[Thu, 20 Jun 2013 13:50:09 +0000] [/home/fba01/newyorkando.com/wpnyando/wp-content/cache/minify/000000/4bcb8/default.include.1fe1b6.js => wpnyando/wp-content/cache/minify/000000/4bcb8/default.include.1fe1b6.js] Empty host.
[Thu, 20 Jun 2013 13:50:09 +0000] [/home/fba01/newyorkando.com/wpnyando/wp-content/cache/minify/000000/4bcb8/default.include.1d0595.css => wpnyando/wp-content/cache/minify/000000/4bcb8/default.include.1d0595.css] Empty host.
[Thu, 20 Jun 2013 13:50:09 +0000] [/home/fba01/newyorkando.com/wpnyando/wp-content/cache/minify/000000/37bba/default.include.691308.js => wpnyando/wp-content/cache/minify/000000/37bba/default.include.691308.js] Empty host.
[Thu, 20 Jun 2013 13:50:09 +0000] [/home/fba01/newyorkando.com/wpnyando/wp-content/cache/minify/000000/37bba/single.include.c2ba61.js => wpnyando/wp-content/cache/minify/000000/37bba/single.include.c2ba61.js] Empty host.
[Thu, 20 Jun 2013 13:50:09 +0000] [/home/fba01/newyorkando.com/wpnyando/wp-content/cache/minify/000000/37bba/default.include.293860.css => wpnyando/wp-content/cache/minify/000000/37bba/default.include.293860.css] Empty host.
[Thu, 20 Jun 2013 13:50:09 +0000] [/home/fba01/newyorkando.com/wpnyando/wp-content/cache/minify/000000/minify_df458ff2e9007ec6f831d452138612a5.js => wpnyando/wp-content/cache/minify/000000/minify_df458ff2e9007ec6f831d452138612a5.js] Empty host.
[Thu, 20 Jun 2013 13:50:09 +0000] [/home/fba01/newyorkando.com/wpnyando/wp-content/cache/minify/000000/minify_9be8c1a990fbc5cbdeba745c9be4a395.js => wpnyando/wp-content/cache/minify/000000/minify_9be8c1a990fbc5cbdeba745c9be4a395.js] Empty host.
[Thu, 20 Jun 2013 13:50:09 +0000] [/home/fba01/newyorkando.com/wpnyando/wp-content/cache/minify/000000/minify_d410a29c16d4e32fe01ca7be6ac0118e.js => wpnyando/wp-content/cache/minify/000000/minify_d410a29c16d4e32fe01ca7be6ac0118e.js] Empty host.
[Thu, 20 Jun 2013 13:50:09 +0000] [/home/fba01/newyorkando.com/wpnyando/wp-content/cache/minify/000000/minify_2a2bad4d4585f00689515c56476ef11d.js => wpnyando/wp-content/cache/minify/000000/minify_2a2bad4d4585f00689515c56476ef11d.js] Empty host.
[Thu, 20 Jun 2013 13:50:09 +0000] [/home/fba01/newyorkando.com/wpnyando/wp-content/cache/minify/000000/minify_920bb8a09499a37c295f6b84acc70eb3.js => wpnyando/wp-content/cache/minify/000000/minify_920bb8a09499a37c295f6b84acc70eb3.js] Empty host.
[Thu, 20 Jun 2013 13:50:09 +0000] [/home/fba01/newyorkando.com/wpnyando/wp-content/cache/minify/000000/minify_3c2fa48c512daefd70fe48bfda4b71b3.css => wpnyando/wp-content/cache/minify/000000/minify_3c2fa48c512daefd70fe48bfda4b71b3.css] Empty host.
[Thu, 20 Jun 2013 13:50:09 +0000] [/home/fba01/newyorkando.com/wpnyando/wp-content/cache/minify/000000/minify_8f691a0c8d00fe93c7c26215d9eb6c10.css => wpnyando/wp-content/cache/minify/000000/minify_8f691a0c8d00fe93c7c26215d9eb6c10.css] Empty host.
[Thu, 20 Jun 2013 13:50:09 +0000] [/home/fba01/newyorkando.com/wpnyando/wp-content/cache/minify/000000/minify_46561ecf30dff2720f4ff28a651a9caa.css => wpnyando/wp-content/cache/minify/000000/minify_46561ecf30dff2720f4ff28a651a9caa.css] Empty host.
[Thu, 20 Jun 2013 13:50:09 +0000] [/home/fba01/newyorkando.com/wpnyando/wp-content/cache/tmp/.htaccess => .htaccess] Empty host.
[Thu, 20 Jun 2013 13:50:09 +0000] [/home/fba01/newyorkando.com/wpnyando/wp-content/cache/tmp/.htaccess => .htaccess] Empty host.
[Thu, 20 Jun 2013 13:50:56 +0000] [/home/fba01/newyorkando.com/wpnyando/wp-content/cache/minify/000000/37bba/single.include.612e62.js => wpnyando/wp-content/cache/minify/000000/37bba/single.include.612e62.js] Empty host.
[Thu, 20 Jun 2013 13:50:56 +0000] [/home/fba01/newyorkando.com/wpnyando/wp-content/cache/minify/000000/minify_df458ff2e9007ec6f831d452138612a5.js => wpnyando/wp-content/cache/minify/000000/minify_df458ff2e9007ec6f831d452138612a5.js] Empty host.
[Thu, 20 Jun 2013 13:50:56 +0000] [/home/fba01/newyorkando.com/wpnyando/wp-content/cache/minify/000000/4bcb8/default.include.1fe1b6.js => wpnyando/wp-content/cache/minify/000000/4bcb8/default.include.1fe1b6.js] Empty host.
[Thu, 20 Jun 2013 13:50:56 +0000] [/home/fba01/newyorkando.com/wpnyando/wp-content/cache/minify/000000/4bcb8/default.include.1d0595.css => wpnyando/wp-content/cache/minify/000000/4bcb8/default.include.1d0595.css] Empty host.
[Thu, 20 Jun 2013 13:50:56 +0000] [/home/fba01/newyorkando.com/wpnyando/wp-content/cache/minify/000000/minify_9be8c1a990fbc5cbdeba745c9be4a395.js => wpnyando/wp-content/cache/minify/000000/minify_9be8c1a990fbc5cbdeba745c9be4a395.js] Empty host.
[Thu, 20 Jun 2013 13:50:56 +0000] [/home/fba01/newyorkando.com/wpnyando/wp-content/cache/minify/000000/minify_d410a29c16d4e32fe01ca7be6ac0118e.js => wpnyando/wp-content/cache/minify/000000/minify_d410a29c16d4e32fe01ca7be6ac0118e.js] Empty host.
[Thu, 20 Jun 2013 13:50:56 +0000] [/home/fba01/newyorkando.com/wpnyando/wp-content/cache/minify/000000/37bba/default.include.691308.js => wpnyando/wp-content/cache/minify/000000/37bba/default.include.691308.js] Empty host.
[Thu, 20 Jun 2013 13:50:56 +0000] [/home/fba01/newyorkando.com/wpnyando/wp-content/cache/minify/000000/37bba/default.include.293860.css => wpnyando/wp-content/cache/minify/000000/37bba/default.include.293860.css] Empty host.
[Thu, 20 Jun 2013 13:50:56 +0000] [/home/fba01/newyorkando.com/wpnyando/wp-content/cache/minify/000000/minify_2a2bad4d4585f00689515c56476ef11d.js => wpnyando/wp-content/cache/minify/000000/minify_2a2bad4d4585f00689515c56476ef11d.js] Empty host.
[Thu, 20 Jun 2013 13:50:56 +0000] [/home/fba01/newyorkando.com/wpnyando/wp-content/cache/minify/000000/minify_920bb8a09499a37c295f6b84acc70eb3.js => wpnyando/wp-content/cache/minify/000000/minify_920bb8a09499a37c295f6b84acc70eb3.js] Empty host.
[Thu, 20 Jun 2013 13:50:56 +0000] [/home/fba01/newyorkando.com/wpnyando/wp-content/cache/minify/000000/minify_3c2fa48c512daefd70fe48bfda4b71b3.css => wpnyando/wp-content/cache/minify/000000/minify_3c2fa48c512daefd70fe48bfda4b71b3.css] Empty host.
[Thu, 20 Jun 2013 13:50:56 +0000] [/home/fba01/newyorkando.com/wpnyando/wp-content/cache/minify/000000/minify_8f691a0c8d00fe93c7c26215d9eb6c10.css => wpnyando/wp-content/cache/minify/000000/minify_8f691a0c8d00fe93c7c26215d9eb6c10.css] Empty host.
[Thu, 20 Jun 2013 13:50:56 +0000] [/home/fba01/newyorkando.com/wpnyando/wp-content/cache/minify/000000/minify_46561ecf30dff2720f4ff28a651a9caa.css => wpnyando/wp-content/cache/minify/000000/minify_46561ecf30dff2720f4ff28a651a9caa.css] Empty host.
[Thu, 20 Jun 2013 13:50:56 +0000] [/home/fba01/newyorkando.com/wpnyando/wp-content/cache/tmp/.htaccess => .htaccess] Empty host.
[Thu, 20 Jun 2013 13:50:56 +0000] [/home/fba01/newyorkando.com/wpnyando/wp-content/cache/minify/000000/37bba/single.include.c2ba61.js => wpnyando/wp-content/cache/minify/000000/37bba/single.include.c2ba61.js] Empty host.
[Thu, 20 Jun 2013 16:41:31 +0000] [/home/fba01/newyorkando.com/wpnyando/wp-content/cache/tmp/.htaccess => .htaccess] Empty host.
[Thu, 20 Jun 2013 16:41:31 +0000] [/home/fba01/newyorkando.com/wpnyando/wp-content/cache/tmp/.htaccess => .htaccess] Empty host.
[Thu, 20 Jun 2013 16:43:35 +0000] [/home/fba01/newyorkando.com/wpnyando/wp-content/cache/tmp/.htaccess => .htaccess] Empty host.
[Thu, 20 Jun 2013 16:43:35 +0000] [/home/fba01/newyorkando.com/wpnyando/wp-content/cache/tmp/.htaccess => .htaccess] Empty host.
[Thu, 20 Jun 2013 16:43:51 +0000] [/home/fba01/newyorkando.com/wpnyando/wp-content/cache/tmp/.htaccess => .htaccess] Empty host.
[Thu, 20 Jun 2013 16:43:51 +0000] [/home/fba01/newyorkando.com/wpnyando/wp-content/cache/tmp/.htaccess => .htaccess] Empty host.
[Thu, 20 Jun 2013 16:43:53 +0000] [/home/fba01/newyorkando.com/wpnyando/wp-content/cache/minify/000000/minify_df458ff2e9007ec6f831d452138612a5.js => wpnyando/wp-content/cache/minify/000000/minify_df458ff2e9007ec6f831d452138612a5.js] Empty host.
[Thu, 20 Jun 2013 16:43:53 +0000] [/home/fba01/newyorkando.com/wpnyando/wp-content/cache/minify/000000/4bcb8/default.include.1fe1b6.js => wpnyando/wp-content/cache/minify/000000/4bcb8/default.include.1fe1b6.js] Empty host.
[Thu, 20 Jun 2013 16:43:53 +0000] [/home/fba01/newyorkando.com/wpnyando/wp-content/cache/minify/000000/4bcb8/default.include.1d0595.css => wpnyando/wp-content/cache/minify/000000/4bcb8/default.include.1d0595.css] Empty host.
[Thu, 20 Jun 2013 16:43:53 +0000] [/home/fba01/newyorkando.com/wpnyando/wp-content/cache/minify/000000/minify_9be8c1a990fbc5cbdeba745c9be4a395.js => wpnyando/wp-content/cache/minify/000000/minify_9be8c1a990fbc5cbdeba745c9be4a395.js] Empty host.
[Thu, 20 Jun 2013 16:43:53 +0000] [/home/fba01/newyorkando.com/wpnyando/wp-content/cache/minify/000000/minify_d410a29c16d4e32fe01ca7be6ac0118e.js => wpnyando/wp-content/cache/minify/000000/minify_d410a29c16d4e32fe01ca7be6ac0118e.js] Empty host.
[Thu, 20 Jun 2013 16:43:53 +0000] [/home/fba01/newyorkando.com/wpnyando/wp-content/cache/minify/000000/37bba/default.include.691308.js => wpnyando/wp-content/cache/minify/000000/37bba/default.include.691308.js] Empty host.
[Thu, 20 Jun 2013 16:43:53 +0000] [/home/fba01/newyorkando.com/wpnyando/wp-content/cache/minify/000000/37bba/single.include.612e62.js => wpnyando/wp-content/cache/minify/000000/37bba/single.include.612e62.js] Empty host.
[Thu, 20 Jun 2013 16:43:53 +0000] [/home/fba01/newyorkando.com/wpnyando/wp-content/cache/minify/000000/37bba/default.include.293860.css => wpnyando/wp-content/cache/minify/000000/37bba/default.include.293860.css] Empty host.
[Thu, 20 Jun 2013 16:43:53 +0000] [/home/fba01/newyorkando.com/wpnyando/wp-content/cache/minify/000000/minify_2a2bad4d4585f00689515c56476ef11d.js => wpnyando/wp-content/cache/minify/000000/minify_2a2bad4d4585f00689515c56476ef11d.js] Empty host.
[Thu, 20 Jun 2013 16:43:53 +0000] [/home/fba01/newyorkando.com/wpnyando/wp-content/cache/minify/000000/minify_920bb8a09499a37c295f6b84acc70eb3.js => wpnyando/wp-content/cache/minify/000000/minify_920bb8a09499a37c295f6b84acc70eb3.js] Empty host.
[Thu, 20 Jun 2013 16:43:53 +0000] [/home/fba01/newyorkando.com/wpnyando/wp-content/cache/minify/000000/minify_3c2fa48c512daefd70fe48bfda4b71b3.css => wpnyando/wp-content/cache/minify/000000/minify_3c2fa48c512daefd70fe48bfda4b71b3.css] Empty host.
[Thu, 20 Jun 2013 16:43:53 +0000] [/home/fba01/newyorkando.com/wpnyando/wp-content/cache/minify/000000/minify_8f691a0c8d00fe93c7c26215d9eb6c10.css => wpnyando/wp-content/cache/minify/000000/minify_8f691a0c8d00fe93c7c26215d9eb6c10.css] Empty host.
[Thu, 20 Jun 2013 16:43:53 +0000] [/home/fba01/newyorkando.com/wpnyando/wp-content/cache/minify/000000/minify_46561ecf30dff2720f4ff28a651a9caa.css => wpnyando/wp-content/cache/minify/000000/minify_46561ecf30dff2720f4ff28a651a9caa.css] Empty host.
[Thu, 20 Jun 2013 16:43:53 +0000] [/home/fba01/newyorkando.com/wpnyando/wp-content/cache/minify/000000/37bba/single.include.c2ba61.js => wpnyando/wp-content/cache/minify/000000/37bba/single.include.c2ba61.js] Empty host.
[Thu, 20 Jun 2013 16:43:53 +0000] [/home/fba01/newyorkando.com/wpnyando/wp-content/cache/tmp/.htaccess => .htaccess] Empty host.
